
                            < M A T L A B (R) >
                  Copyright 1984-2017 The MathWorks, Inc.
                   R2017a (9.2.0.556344) 64-bit (glnxa64)
                               March 27, 2017

 
To get started, type one of these: helpwin, helpdesk, or demo.
For product information, visit www.mathworks.com.
 
Starting parallel pool (parpool) using the 'local' profile ...
[Warning: The system time zone setting, 'US/Eastern', does not specify a single
time zone unambiguously. It will be treated as 'America/New_York'. See the <a
href="matlab:doc('datetime.TimeZone')">datetime.TimeZone property</a> for
details about specifying time zones.] 
[> In verifyTimeZone (line 23)
  In datetime (line 515)
  In parallel.internal.cluster.DefaultProperties.getNewJobPropStruct (line 16)
  In parallel.internal.cluster.CJSSupport/buildJob (line 158)
  In parallel.cluster.CJSCluster/buildCommunicatingJob (line 465)
  In parallel.Cluster/createCommunicatingJob (line 92)
  In parallel.internal.pool.InteractiveClient>iCreateCommunicatingJob (line 715)
  In parallel.internal.pool.InteractiveClient/start (line 325)
  In parallel.Pool>iStartClient (line 593)
  In parallel.Pool.hBuildPool (line 472)
  In parallel.internal.pool.doParpool (line 18)
  In parpool (line 89)
  In parallel.internal.pool.PoolArrayManager.getOrAutoCreateWithCleanup (line 49)
  In pctTryCreatePoolIfNecessary (line 23)
  In distcomp.remoteparfor.tryRemoteParfor
  In parallel_function (line 433)
  In AnalyzeHRV (line 29)] 
connected to 12 workers.
Warning: Directory already exists.
  In parallel_function>make_general_channel/channel_general (line 929)
  In remoteParallelFunction (line 38)
Elapsed time is 49.396184 seconds.
Warning: Directory already exists.
  In parallel_function>make_general_channel/channel_general (line 929)
  In remoteParallelFunction (line 38)
Elapsed time is 49.326305 seconds.
Warning: Directory already exists.
  In parallel_function>make_general_channel/channel_general (line 929)
  In remoteParallelFunction (line 38)
Elapsed time is 67.403795 seconds.
Warning: Directory already exists.
  In parallel_function>make_general_channel/channel_general (line 929)
  In remoteParallelFunction (line 38)
Elapsed time is 74.339284 seconds.
Warning: Directory already exists.
  In parallel_function>make_general_channel/channel_general (line 929)
  In remoteParallelFunction (line 38)
Elapsed time is 93.504427 seconds.
Warning: Directory already exists.
  In parallel_function>make_general_channel/channel_general (line 929)
  In remoteParallelFunction (line 38)
Elapsed time is 103.618476 seconds.
Elapsed time is 49.814924 seconds.
Vivalnk processing completed for 07011.
Creating a new folder: "Annotation", folder is located in /home/asshah4/projects/biobank//home/asshah4/projects/biobank/proc_data/07011/Annotation 
HRV Analysis completed for subject ID 07011 
Elapsed time is 122.033345 seconds.
HRV analysis done for 07011.
Elapsed time is 49.729990 seconds.
Vivalnk processing completed for 07005.
Creating a new folder: "Annotation", folder is located in /home/asshah4/projects/biobank//home/asshah4/projects/biobank/proc_data/07005/Annotation 
Elapsed time is 67.956474 seconds.
Vivalnk processing completed for 06988.
Creating a new folder: "Annotation", folder is located in /home/asshah4/projects/biobank//home/asshah4/projects/biobank/proc_data/06988/Annotation 
HRV Analysis completed for subject ID 06988 
Elapsed time is 74.926037 seconds.
Vivalnk processing completed for 06994.
Creating a new folder: "Annotation", folder is located in /home/asshah4/projects/biobank//home/asshah4/projects/biobank/proc_data/06994/Annotation 
HRV Analysis completed for subject ID 07005 
Warning: Directory already exists.
  In parallel_function>make_general_channel/channel_general (line 929)
  In remoteParallelFunction (line 38)
Elapsed time is 204.089422 seconds.
Elapsed time is 205.450548 seconds.
Elapsed time is 94.211948 seconds.
Vivalnk processing completed for 06928.
Creating a new folder: "Annotation", folder is located in /home/asshah4/projects/biobank//home/asshah4/projects/biobank/proc_data/06928/Annotation 
Elapsed time is 183.944237 seconds.
HRV analysis done for 07005.
Elapsed time is 46.186068 seconds.
Elapsed time is 109.989415 seconds.
Elapsed time is 175.033125 seconds.
HRV analysis done for 06988.
Elapsed time is 72.832875 seconds.
Elapsed time is 104.357841 seconds.
Vivalnk processing completed for 06977.
Creating a new folder: "Annotation", folder is located in /home/asshah4/projects/biobank//home/asshah4/projects/biobank/proc_data/06977/Annotation 
Elapsed time is 46.549228 seconds.
Vivalnk processing completed for 07004.
Creating a new folder: "Annotation", folder is located in /home/asshah4/projects/biobank//home/asshah4/projects/biobank/proc_data/07004/Annotation 
HRV Analysis completed for subject ID 06994 
HRV Analysis completed for subject ID 06928 
HRV Analysis completed for subject ID 07004 
Elapsed time is 178.126307 seconds.
HRV analysis done for 07004.
Elapsed time is 73.397351 seconds.
Vivalnk processing completed for 06984.
Creating a new folder: "Annotation", folder is located in /home/asshah4/projects/biobank//home/asshah4/projects/biobank/proc_data/06984/Annotation 
HRV Analysis completed for subject ID 06984 
Elapsed time is 202.141965 seconds.
HRV analysis done for 06984.
Elapsed time is 110.805946 seconds.
Vivalnk processing completed for 07032.
Creating a new folder: "Annotation", folder is located in /home/asshah4/projects/biobank//home/asshah4/projects/biobank/proc_data/07032/Annotation 
HRV Analysis completed for subject ID 06977 
Elapsed time is 327.552224 seconds.
HRV analysis done for 06994.
Elapsed time is 93.496083 seconds.
Warning: Directory already exists.
  In parallel_function>make_general_channel/channel_general (line 929)
  In remoteParallelFunction (line 38)
Elapsed time is 424.274524 seconds.
Elapsed time is 427.262773 seconds.
Warning: Directory already exists.
  In parallel_function>make_general_channel/channel_general (line 929)
  In remoteParallelFunction (line 38)
Elapsed time is 433.948486 seconds.
Elapsed time is 436.886822 seconds.
Warning: Directory already exists.
  In parallel_function>make_general_channel/channel_general (line 929)
  In remoteParallelFunction (line 38)
Elapsed time is 466.916333 seconds.
Warning: Directory already exists.
  In parallel_function>make_general_channel/channel_general (line 929)
  In remoteParallelFunction (line 38)
Elapsed time is 469.104700 seconds.
Elapsed time is 404.963300 seconds.
HRV analysis done for 06977.
Elapsed time is 66.149281 seconds.
Elapsed time is 470.336103 seconds.
Warning: Directory already exists.
  In parallel_function>make_general_channel/channel_general (line 929)
  In remoteParallelFunction (line 38)
Elapsed time is 471.573791 seconds.
Elapsed time is 472.150359 seconds.
Elapsed time is 475.061982 seconds.
Vivalnk processing completed for 07014.
Creating a new folder: "Annotation", folder is located in /home/asshah4/projects/biobank//home/asshah4/projects/biobank/proc_data/07014/Annotation 
HRV Analysis completed for subject ID 07032 
Elapsed time is 393.368947 seconds.
HRV analysis done for 07032.
Elapsed time is 94.203584 seconds.
Vivalnk processing completed for 06989.
Creating a new folder: "Annotation", folder is located in /home/asshah4/projects/biobank//home/asshah4/projects/biobank/proc_data/06989/Annotation 
Elapsed time is 66.644618 seconds.
Vivalnk processing completed for 06965.
Creating a new folder: "Annotation", folder is located in /home/asshah4/projects/biobank//home/asshah4/projects/biobank/proc_data/06965/Annotation 
HRV Analysis completed for subject ID 06989 
Elapsed time is 290.203171 seconds.
HRV analysis done for 06989.
HRV Analysis completed for subject ID 06965 
Elapsed time is 215.555785 seconds.
HRV analysis done for 06965.
Elapsed time is 146.534638 seconds.
Elapsed time is 147.605440 seconds.
Elapsed time is 71.597573 seconds.
Elapsed time is 346.273250 seconds.
Elapsed time is 348.948461 seconds.
Elapsed time is 357.675953 seconds.
HRV analysis done for 06928.
Elapsed time is 373.918001 seconds.
Elapsed time is 376.557575 seconds.
Elapsed time is 412.329614 seconds.
Elapsed time is 415.282930 seconds.
Elapsed time is 72.161722 seconds.
Vivalnk processing completed for 07053.
Creating a new folder: "Annotation", folder is located in /home/asshah4/projects/biobank//home/asshah4/projects/biobank/proc_data/07053/Annotation 
Vivalnk processing completed for 07045.
Creating a new folder: "Annotation", folder is located in /home/asshah4/projects/biobank//home/asshah4/projects/biobank/proc_data/07045/Annotation 
HRV Analysis completed for subject ID 07053 
Elapsed time is 221.771143 seconds.
HRV analysis done for 07053.
HRV Analysis completed for subject ID 07014 
Elapsed time is 874.721029 seconds.
HRV analysis done for 07014.
Vivalnk processing completed for 06983.
Creating a new folder: "Annotation", folder is located in /home/asshah4/projects/biobank//home/asshah4/projects/biobank/proc_data/06983/Annotation 
Vivalnk processing completed for 07027.
Creating a new folder: "Annotation", folder is located in /home/asshah4/projects/biobank//home/asshah4/projects/biobank/proc_data/07027/Annotation 
HRV Analysis completed for subject ID 07045 
Elapsed time is 524.901573 seconds.
HRV analysis done for 07045.
Elapsed time is 453.054248 seconds.
Elapsed time is 456.163125 seconds.
Vivalnk processing completed for 07020.
Creating a new folder: "Annotation", folder is located in /home/asshah4/projects/biobank//home/asshah4/projects/biobank/proc_data/07020/Annotation 
Vivalnk processing completed for 06944.
Creating a new folder: "Annotation", folder is located in /home/asshah4/projects/biobank//home/asshah4/projects/biobank/proc_data/06944/Annotation 
Elapsed time is 455.958222 seconds.
Elapsed time is 459.221207 seconds.
Vivalnk processing completed for 07037.
Creating a new folder: "Annotation", folder is located in /home/asshah4/projects/biobank//home/asshah4/projects/biobank/proc_data/07037/Annotation 
Vivalnk processing completed for 06955.
Creating a new folder: "Annotation", folder is located in /home/asshah4/projects/biobank//home/asshah4/projects/biobank/proc_data/06955/Annotation 
Vivalnk processing completed for 06925.
Creating a new folder: "Annotation", folder is located in /home/asshah4/projects/biobank//home/asshah4/projects/biobank/proc_data/06925/Annotation 
HRV Analysis completed for subject ID 07027 
Elapsed time is 1414.712682 seconds.
HRV analysis done for 07027.
HRV Analysis completed for subject ID 07020 
Elapsed time is 1431.159793 seconds.
HRV analysis done for 07020.
HRV Analysis completed for subject ID 07037 
Elapsed time is 1147.315231 seconds.
HRV analysis done for 07037.
HRV Analysis completed for subject ID 06983 
HRV Analysis completed for subject ID 06944 
Vivalnk processing completed for 07036.
Creating a new folder: "Annotation", folder is located in /home/asshah4/projects/biobank//home/asshah4/projects/biobank/proc_data/07036/Annotation 
Vivalnk processing completed for 07052.
Creating a new folder: "Annotation", folder is located in /home/asshah4/projects/biobank//home/asshah4/projects/biobank/proc_data/07052/Annotation 
Elapsed time is 1538.933164 seconds.
HRV analysis done for 06944.
Elapsed time is 184.414188 seconds.
Elapsed time is 185.845872 seconds.
HRV Analysis completed for subject ID 07036 
Elapsed time is 1396.848503 seconds.
HRV analysis done for 07036.
HRV Analysis completed for subject ID 06955 
Elapsed time is 1849.925024 seconds.
HRV analysis done for 06955.
Elapsed time is 97.278947 seconds.
HRV Analysis completed for subject ID 06925 
Elapsed time is 1603.253418 seconds.
HRV analysis done for 06925.
HRV Analysis completed for subject ID 07052 
Elapsed time is 1358.093160 seconds.
HRV analysis done for 07052.
Elapsed time is 1532.808674 seconds.
HRV analysis done for 06983.
Elapsed time is 469.026257 seconds.
Elapsed time is 471.663129 seconds.
Vivalnk processing completed for 06931.
Creating a new folder: "Annotation", folder is located in /home/asshah4/projects/biobank//home/asshah4/projects/biobank/proc_data/06931/Annotation 
Vivalnk processing completed for UI7616.
Creating a new folder: "Annotation", folder is located in /home/asshah4/projects/biobank//home/asshah4/projects/biobank/proc_data/UI7616/Annotation 
HRV Analysis completed for subject ID 06931 
Elapsed time is 544.867730 seconds.
HRV analysis done for 06931.
Elapsed time is 98.079861 seconds.
Vivalnk processing completed for 06954.
Creating a new folder: "Annotation", folder is located in /home/asshah4/projects/biobank//home/asshah4/projects/biobank/proc_data/06954/Annotation 
HRV Analysis completed for subject ID 06954 
Elapsed time is 313.446518 seconds.
HRV analysis done for 06954.
HRV Analysis completed for subject ID UI7616 
Elapsed time is 1617.176811 seconds.
HRV analysis done for UI7616.
Vivalnk processing completed for 06978.
Creating a new folder: "Annotation", folder is located in /home/asshah4/projects/biobank//home/asshah4/projects/biobank/proc_data/06978/Annotation 
HRV Analysis completed for subject ID 06978 
Elapsed time is 1899.117616 seconds.
HRV analysis done for 06978.
Total Run Time...Elapsed time is 3453.853387 seconds.
